[W 2021-03-06 11:31:51.786 LabApp] 'allow_origin' has moved from NotebookApp to ServerApp. This config will be passed to ServerApp. Be sure to update your config before our next release.
[W 2021-03-06 11:31:51.786 LabApp] 'allow_origin' has moved from NotebookApp to ServerApp. This config will be passed to ServerApp. Be sure to update your config before our next release.
[W 2021-03-06 11:31:51.786 LabApp] 'notebook_dir' has moved from NotebookApp to ServerApp. This config will be passed to ServerApp. Be sure to update your config before our next release.
[W 2021-03-06 11:31:51.786 LabApp] 'password' has moved from NotebookApp to ServerApp. This config will be passed to ServerApp. Be sure to update your config before our next release.
[I 2021-03-06 11:31:51.793 ServerApp] jupyterlab | extension was successfully linked.
[I 2021-03-06 11:31:52.019 ServerApp] nbclassic | extension was successfully linked.
[I 2021-03-06 11:31:52.101 LabApp] JupyterLab extension loaded from /home/minki/.local/lib/python3.7/site-packages/jupyterlab
[I 2021-03-06 11:31:52.101 LabApp] JupyterLab application directory is /home/minki/.local/share/jupyter/lab
[I 2021-03-06 11:31:52.105 ServerApp] jupyterlab | extension was successfully loaded.
[I 2021-03-06 11:31:52.109 ServerApp] nbclassic | extension was successfully loaded.
[I 2021-03-06 11:31:52.110 ServerApp] Serving notebooks from local directory: /home/minki/kaggle/vinbigdata-cxr
[I 2021-03-06 11:31:52.110 ServerApp] Jupyter Server 1.4.1 is running at:
[I 2021-03-06 11:31:52.110 ServerApp] http://e1d59e9a9ce7:8001/lab
[I 2021-03-06 11:31:52.110 ServerApp]  or http://127.0.0.1:8001/lab
[I 2021-03-06 11:31:52.110 ServerApp] Use Control-C to stop this server and shut down all kernels (twice to skip confirmation).
[I 2021-03-06 11:35:00.748 ServerApp] Interrupted...
[I 2021-03-06 11:35:00.749 ServerApp] Shutting down 0 kernels
[W 2021-03-08 02:32:33.940 LabApp] 'allow_origin' has moved from NotebookApp to ServerApp. This config will be passed to ServerApp. Be sure to update your config before our next release.
[W 2021-03-08 02:32:33.940 LabApp] 'allow_origin' has moved from NotebookApp to ServerApp. This config will be passed to ServerApp. Be sure to update your config before our next release.
[W 2021-03-08 02:32:33.941 LabApp] 'notebook_dir' has moved from NotebookApp to ServerApp. This config will be passed to ServerApp. Be sure to update your config before our next release.
[W 2021-03-08 02:32:33.941 LabApp] 'password' has moved from NotebookApp to ServerApp. This config will be passed to ServerApp. Be sure to update your config before our next release.
[I 2021-03-08 02:32:33.949 ServerApp] jupyterlab | extension was successfully linked.
[I 2021-03-08 02:32:34.221 ServerApp] nbclassic | extension was successfully linked.
[I 2021-03-08 02:32:34.309 LabApp] JupyterLab extension loaded from /home/minki/.local/lib/python3.7/site-packages/jupyterlab
[I 2021-03-08 02:32:34.309 LabApp] JupyterLab application directory is /home/minki/.local/share/jupyter/lab
[I 2021-03-08 02:32:34.314 ServerApp] jupyterlab | extension was successfully loaded.
[I 2021-03-08 02:32:34.320 ServerApp] nbclassic | extension was successfully loaded.
[I 2021-03-08 02:32:34.320 ServerApp] Serving notebooks from local directory: /home/minki/kaggle/vinbigdata-cxr
[I 2021-03-08 02:32:34.320 ServerApp] Jupyter Server 1.4.1 is running at:
[I 2021-03-08 02:32:34.320 ServerApp] http://e1d59e9a9ce7:8001/lab
[I 2021-03-08 02:32:34.320 ServerApp]  or http://127.0.0.1:8001/lab
[I 2021-03-08 02:32:34.321 ServerApp] Use Control-C to stop this server and shut down all kernels (twice to skip confirmation).
[I 2021-03-08 02:32:51.312 ServerApp] 302 GET / (192.168.5.126) 0.92ms
[I 2021-03-08 02:32:51.321 LabApp] 302 GET /lab? (192.168.5.126) 1.66ms
[W 2021-03-08 02:32:54.995 ServerApp] 401 POST /login?next=%2Flab%3F (192.168.5.126) 2.18ms referer=http://210.116.109.51:8001/login?next=%2Flab%3F
[I 2021-03-08 02:33:11.221 ServerApp] Interrupted...
[I 2021-03-08 02:33:11.221 ServerApp] Shutting down 0 kernels
[W 2021-03-08 02:33:17.255 LabApp] 'allow_origin' has moved from NotebookApp to ServerApp. This config will be passed to ServerApp. Be sure to update your config before our next release.
[W 2021-03-08 02:33:17.255 LabApp] 'allow_origin' has moved from NotebookApp to ServerApp. This config will be passed to ServerApp. Be sure to update your config before our next release.
[W 2021-03-08 02:33:17.255 LabApp] 'notebook_dir' has moved from NotebookApp to ServerApp. This config will be passed to ServerApp. Be sure to update your config before our next release.
[W 2021-03-08 02:33:17.255 LabApp] 'password' has moved from NotebookApp to ServerApp. This config will be passed to ServerApp. Be sure to update your config before our next release.
[I 2021-03-08 02:33:17.262 ServerApp] jupyterlab | extension was successfully linked.
[I 2021-03-08 02:33:17.495 ServerApp] nbclassic | extension was successfully linked.
[I 2021-03-08 02:33:17.572 LabApp] JupyterLab extension loaded from /home/minki/.local/lib/python3.7/site-packages/jupyterlab
[I 2021-03-08 02:33:17.572 LabApp] JupyterLab application directory is /home/minki/.local/share/jupyter/lab
[I 2021-03-08 02:33:17.577 ServerApp] jupyterlab | extension was successfully loaded.
[I 2021-03-08 02:33:17.582 ServerApp] nbclassic | extension was successfully loaded.
[I 2021-03-08 02:33:17.583 ServerApp] Serving notebooks from local directory: /home/minki/kaggle/vinbigdata-cxr
[I 2021-03-08 02:33:17.583 ServerApp] Jupyter Server 1.4.1 is running at:
[I 2021-03-08 02:33:17.583 ServerApp] http://localhost:8001/lab
[I 2021-03-08 02:33:17.583 ServerApp]  or http://127.0.0.1:8001/lab
[I 2021-03-08 02:33:17.583 ServerApp] Use Control-C to stop this server and shut down all kernels (twice to skip confirmation).
[I 2021-03-08 02:34:05.076 ServerApp] Interrupted...
[I 2021-03-08 02:34:05.076 ServerApp] Shutting down 0 kernels
[W 2021-03-08 02:34:07.376 LabApp] 'allow_origin' has moved from NotebookApp to ServerApp. This config will be passed to ServerApp. Be sure to update your config before our next release.
[W 2021-03-08 02:34:07.376 LabApp] 'allow_origin' has moved from NotebookApp to ServerApp. This config will be passed to ServerApp. Be sure to update your config before our next release.
[W 2021-03-08 02:34:07.376 LabApp] 'notebook_dir' has moved from NotebookApp to ServerApp. This config will be passed to ServerApp. Be sure to update your config before our next release.
[W 2021-03-08 02:34:07.376 LabApp] 'password' has moved from NotebookApp to ServerApp. This config will be passed to ServerApp. Be sure to update your config before our next release.
[I 2021-03-08 02:34:07.383 ServerApp] jupyterlab | extension was successfully linked.
[I 2021-03-08 02:34:07.583 ServerApp] nbclassic | extension was successfully linked.
[I 2021-03-08 02:34:07.636 LabApp] JupyterLab extension loaded from /home/minki/.local/lib/python3.7/site-packages/jupyterlab
[I 2021-03-08 02:34:07.636 LabApp] JupyterLab application directory is /home/minki/.local/share/jupyter/lab
[I 2021-03-08 02:34:07.640 ServerApp] jupyterlab | extension was successfully loaded.
[I 2021-03-08 02:34:07.644 ServerApp] nbclassic | extension was successfully loaded.
[I 2021-03-08 02:34:07.644 ServerApp] Serving notebooks from local directory: /home/minki/kaggle/vinbigdata-cxr
[I 2021-03-08 02:34:07.644 ServerApp] Jupyter Server 1.4.1 is running at:
[I 2021-03-08 02:34:07.644 ServerApp] http://e1d59e9a9ce7:8001/lab
[I 2021-03-08 02:34:07.644 ServerApp]  or http://127.0.0.1:8001/lab
[I 2021-03-08 02:34:07.644 ServerApp] Use Control-C to stop this server and shut down all kernels (twice to skip confirmation).
[I 2021-03-08 02:34:08.814 ServerApp] Malformed HTTP message from 192.168.5.126: no colon in header line
[I 2021-03-08 02:34:08.824 ServerApp] Malformed HTTP message from 192.168.5.126: no colon in header line
[I 2021-03-08 02:34:09.724 ServerApp] Malformed HTTP message from 192.168.5.126: Malformed HTTP request line
[I 2021-03-08 02:34:16.089 ServerApp] 302 GET / (192.168.5.126) 2.30ms
[I 2021-03-08 02:34:16.100 LabApp] 302 GET /lab? (192.168.5.126) 1.47ms
[W 2021-03-08 02:34:22.355 ServerApp] 401 POST /login?next=%2Flab%3F (192.168.5.126) 2.01ms referer=http://210.116.109.51:8001/login?next=%2Flab%3F
[W 2021-03-08 02:34:29.417 ServerApp] 401 POST /login?next=%2Flab%3F (192.168.5.126) 2.20ms referer=http://210.116.109.51:8001/login?next=%2Flab%3F
[W 2021-03-08 02:37:48.177 ServerApp] 401 POST /login?next=%2Flab%3F (192.168.5.126) 2.64ms referer=http://210.116.109.51:8001/login?next=%2Flab%3F
[W 2021-03-08 02:37:56.233 ServerApp] 401 POST /login?next=%2Flab%3F (192.168.5.126) 3.19ms referer=http://210.116.109.51:8001/login?next=%2Flab%3F
[W 2021-03-08 02:37:59.704 ServerApp] 401 POST /login?next=%2Flab%3F (192.168.5.126) 2.60ms referer=http://210.116.109.51:8001/login?next=%2Flab%3F
[I 2021-03-08 02:38:03.423 ServerApp] 302 GET / (192.168.5.126) 0.62ms
[I 2021-03-08 02:38:03.430 LabApp] 302 GET /lab? (192.168.5.126) 0.73ms
[W 2021-03-08 02:38:05.367 ServerApp] 401 POST /login?next=%2Flab%3F (192.168.5.126) 2.41ms referer=http://210.116.109.51:8001/login?next=%2Flab%3F
[W 2021-03-08 02:38:08.223 ServerApp] 401 POST /login?next=%2Flab%3F (192.168.5.126) 2.79ms referer=http://210.116.109.51:8001/login?next=%2Flab%3F
[I 2021-03-08 02:42:29.619 ServerApp] Interrupted...
[I 2021-03-08 02:42:29.620 ServerApp] Shutting down 0 kernels
[W 2021-03-08 02:42:31.868 LabApp] 'ip' has moved from NotebookApp to ServerApp. This config will be passed to ServerApp. Be sure to update your config before our next release.
[W 2021-03-08 02:42:31.868 LabApp] 'ip' has moved from NotebookApp to ServerApp. This config will be passed to ServerApp. Be sure to update your config before our next release.
[W 2021-03-08 02:42:31.868 LabApp] 'port' has moved from NotebookApp to ServerApp. This config will be passed to ServerApp. Be sure to update your config before our next release.
[W 2021-03-08 02:42:31.868 LabApp] 'password' has moved from NotebookApp to ServerApp. This config will be passed to ServerApp. Be sure to update your config before our next release.
[I 2021-03-08 02:42:31.877 ServerApp] jupyterlab | extension was successfully linked.
[I 2021-03-08 02:42:31.895 ServerApp] nbclassic | extension was successfully linked.
[I 2021-03-08 02:42:31.953 LabApp] JupyterLab extension loaded from /home/minki/.local/lib/python3.7/site-packages/jupyterlab
[I 2021-03-08 02:42:31.953 LabApp] JupyterLab application directory is /home/minki/.local/share/jupyter/lab
[I 2021-03-08 02:42:31.957 ServerApp] jupyterlab | extension was successfully loaded.
[I 2021-03-08 02:42:31.961 ServerApp] nbclassic | extension was successfully loaded.
[I 2021-03-08 02:42:31.961 ServerApp] Serving notebooks from local directory: /home/minki/kaggle/vinbigdata-cxr
[I 2021-03-08 02:42:31.961 ServerApp] Jupyter Server 1.4.1 is running at:
[I 2021-03-08 02:42:31.961 ServerApp] http://e1d59e9a9ce7:8001/lab
[I 2021-03-08 02:42:31.961 ServerApp]  or http://127.0.0.1:8001/lab
[I 2021-03-08 02:42:31.961 ServerApp] Use Control-C to stop this server and shut down all kernels (twice to skip confirmation).
[I 2021-03-08 02:43:05.554 ServerApp] Interrupted...
[I 2021-03-08 02:43:05.554 ServerApp] Shutting down 0 kernels
[W 2021-03-08 02:43:07.466 LabApp] 'ip' has moved from NotebookApp to ServerApp. This config will be passed to ServerApp. Be sure to update your config before our next release.
[W 2021-03-08 02:43:07.466 LabApp] 'ip' has moved from NotebookApp to ServerApp. This config will be passed to ServerApp. Be sure to update your config before our next release.
[W 2021-03-08 02:43:07.466 LabApp] 'port' has moved from NotebookApp to ServerApp. This config will be passed to ServerApp. Be sure to update your config before our next release.
[W 2021-03-08 02:43:07.466 LabApp] 'password' has moved from NotebookApp to ServerApp. This config will be passed to ServerApp. Be sure to update your config before our next release.
[I 2021-03-08 02:43:07.473 ServerApp] jupyterlab | extension was successfully linked.
[I 2021-03-08 02:43:07.487 ServerApp] nbclassic | extension was successfully linked.
[I 2021-03-08 02:43:07.549 LabApp] JupyterLab extension loaded from /home/minki/.local/lib/python3.7/site-packages/jupyterlab
[I 2021-03-08 02:43:07.549 LabApp] JupyterLab application directory is /home/minki/.local/share/jupyter/lab
[I 2021-03-08 02:43:07.554 ServerApp] jupyterlab | extension was successfully loaded.
[I 2021-03-08 02:43:07.558 ServerApp] nbclassic | extension was successfully loaded.
[I 2021-03-08 02:43:07.558 ServerApp] Serving notebooks from local directory: /home/minki/kaggle/vinbigdata-cxr
[I 2021-03-08 02:43:07.558 ServerApp] Jupyter Server 1.4.1 is running at:
[I 2021-03-08 02:43:07.558 ServerApp] http://e1d59e9a9ce7:8001/lab
[I 2021-03-08 02:43:07.558 ServerApp]  or http://127.0.0.1:8001/lab
[I 2021-03-08 02:43:07.558 ServerApp] Use Control-C to stop this server and shut down all kernels (twice to skip confirmation).
[I 2021-03-08 02:43:22.946 ServerApp] 302 GET / (192.168.5.126) 1.71ms
[I 2021-03-08 02:43:22.956 LabApp] 302 GET /lab? (192.168.5.126) 1.30ms
[W 2021-03-08 02:43:25.971 ServerApp] 401 POST /login?next=%2Flab%3F (192.168.5.126) 2.94ms referer=http://210.116.109.51:8001/login?next=%2Flab%3F
[I 2021-03-08 02:48:00.327 ServerApp] Interrupted...
[I 2021-03-08 02:48:00.327 ServerApp] Shutting down 0 kernels
[W 2021-03-08 02:48:02.634 LabApp] 'ip' has moved from NotebookApp to ServerApp. This config will be passed to ServerApp. Be sure to update your config before our next release.
[W 2021-03-08 02:48:02.634 LabApp] 'ip' has moved from NotebookApp to ServerApp. This config will be passed to ServerApp. Be sure to update your config before our next release.
[I 2021-03-08 02:48:02.641 ServerApp] jupyterlab | extension was successfully linked.
[I 2021-03-08 02:48:02.856 ServerApp] nbclassic | extension was successfully linked.
[I 2021-03-08 02:48:02.921 LabApp] JupyterLab extension loaded from /home/minki/.local/lib/python3.7/site-packages/jupyterlab
[I 2021-03-08 02:48:02.921 LabApp] JupyterLab application directory is /home/minki/.local/share/jupyter/lab
[I 2021-03-08 02:48:02.925 ServerApp] jupyterlab | extension was successfully loaded.
[I 2021-03-08 02:48:02.929 ServerApp] nbclassic | extension was successfully loaded.
[I 2021-03-08 02:48:02.929 ServerApp] Serving notebooks from local directory: /home/minki/kaggle/vinbigdata-cxr
[I 2021-03-08 02:48:02.929 ServerApp] Jupyter Server 1.4.1 is running at:
[I 2021-03-08 02:48:02.929 ServerApp] http://e1d59e9a9ce7:8001/lab
[I 2021-03-08 02:48:02.929 ServerApp]  or http://127.0.0.1:8001/lab
[I 2021-03-08 02:48:02.929 ServerApp] Use Control-C to stop this server and shut down all kernels (twice to skip confirmation).
[W 2021-03-08 02:48:07.482 ServerApp] 401 POST /login?next=%2Flab%3F (192.168.5.126) 26.84ms referer=http://210.116.109.51:8001/login?next=%2Flab%3F
[I 2021-03-08 02:48:10.561 ServerApp] 302 POST /login?next=%2Flab%3F (192.168.5.126) 2.98ms
[W 2021-03-08 02:48:14.097 LabApp] Could not determine jupyterlab build status without nodejs
[I 2021-03-08 02:49:09.165 ServerApp] Writing notebook-signing key to /home/minki/.local/share/jupyter/notebook_secret
[W 2021-03-08 02:49:09.166 ServerApp] Notebook ipynbs/playground.ipynb is not trusted
[I 2021-03-08 02:49:09.595 ServerApp] Kernel started: 4e48b0ea-b62b-423e-811f-974b51125bc2
[I 2021-03-08 02:51:09.437 ServerApp] Saving file at /ipynbs/playground.ipynb
[W 2021-03-08 02:51:09.438 ServerApp] Notebook ipynbs/playground.ipynb is not trusted
[I 2021-03-08 03:07:35.616 ServerApp] Interrupted...
[I 2021-03-08 03:07:35.617 ServerApp] Shutting down 1 kernel
Traceback (most recent call last):
  File "/opt/conda/bin/jupyter-lab", line 8, in <module>
    sys.exit(main())
  File "/home/minki/.local/lib/python3.7/site-packages/jupyter_server/extension/application.py", line 520, in launch_instance
    serverapp.start()
  File "/home/minki/.local/lib/python3.7/site-packages/jupyter_server/serverapp.py", line 2101, in start
    self.start_ioloop()
  File "/home/minki/.local/lib/python3.7/site-packages/jupyter_server/serverapp.py", line 2093, in start_ioloop
    self._cleanup()
  File "/home/minki/.local/lib/python3.7/site-packages/jupyter_server/serverapp.py", line 2078, in _cleanup
    self.cleanup_kernels()
  File "/home/minki/.local/lib/python3.7/site-packages/jupyter_server/serverapp.py", line 1847, in cleanup_kernels
    run_sync(self.kernel_manager.shutdown_all())
  File "/home/minki/.local/lib/python3.7/site-packages/jupyter_server/utils.py", line 228, in run_sync
    return wrapped()
  File "/home/minki/.local/lib/python3.7/site-packages/jupyter_server/utils.py", line 222, in wrapped
    result = loop.run_until_complete(maybe_async)
  File "/opt/conda/lib/python3.7/asyncio/base_events.py", line 574, in run_until_complete
    self.run_forever()
  File "/opt/conda/lib/python3.7/asyncio/base_events.py", line 541, in run_forever
    self._run_once()
  File "/opt/conda/lib/python3.7/asyncio/base_events.py", line 1750, in _run_once
    event_list = self._selector.select(timeout)
  File "/opt/conda/lib/python3.7/selectors.py", line 468, in select
    fd_event_list = self._selector.poll(timeout, max_ev)
KeyboardInterrupt
[W 2021-03-08 03:26:44.627 LabApp] 'ip' has moved from NotebookApp to ServerApp. This config will be passed to ServerApp. Be sure to update your config before our next release.
[W 2021-03-08 03:26:44.628 LabApp] 'ip' has moved from NotebookApp to ServerApp. This config will be passed to ServerApp. Be sure to update your config before our next release.
[I 2021-03-08 03:26:44.640 ServerApp] jupyterlab | extension was successfully linked.
[I 2021-03-08 03:26:44.656 ServerApp] Writing notebook server cookie secret to /home/minki/.local/share/jupyter/runtime/jupyter_cookie_secret
[I 2021-03-08 03:26:45.078 ServerApp] nbclassic | extension was successfully linked.
[I 2021-03-08 03:26:45.159 LabApp] JupyterLab extension loaded from /opt/conda/lib/python3.7/site-packages/jupyterlab
[I 2021-03-08 03:26:45.159 LabApp] JupyterLab application directory is /opt/conda/share/jupyter/lab
[I 2021-03-08 03:26:45.165 ServerApp] jupyterlab | extension was successfully loaded.
[I 2021-03-08 03:26:45.170 ServerApp] nbclassic | extension was successfully loaded.
[I 2021-03-08 03:26:45.171 ServerApp] Serving notebooks from local directory: /home/minki/kaggle/vinbigdata-cxr
[I 2021-03-08 03:26:45.171 ServerApp] Jupyter Server 1.4.1 is running at:
[I 2021-03-08 03:26:45.171 ServerApp] http://6663dc38a90f:8001/lab
[I 2021-03-08 03:26:45.171 ServerApp]  or http://127.0.0.1:8001/lab
[I 2021-03-08 03:26:45.171 ServerApp] Use Control-C to stop this server and shut down all kernels (twice to skip confirmation).
[W 2021-03-08 03:27:11.116 ServerApp] Clearing invalid/expired login cookie username-210-116-109-51-8001
[W 2021-03-08 03:27:11.117 ServerApp] Forbidden
[W 2021-03-08 03:27:11.118 ServerApp] 403 GET /api/terminals?1615174031058 (192.168.5.126) 3.09ms referer=http://210.116.109.51:8001/lab/tree/ipynbs/playground.ipynb
[W 2021-03-08 03:27:11.120 ServerApp] Clearing invalid/expired login cookie username-210-116-109-51-8001
[W 2021-03-08 03:27:11.121 ServerApp] Clearing invalid/expired login cookie username-210-116-109-51-8001
[W 2021-03-08 03:27:11.122 ServerApp] Clearing invalid/expired login cookie username-210-116-109-51-8001
[W 2021-03-08 03:27:11.123 ServerApp] Forbidden
[W 2021-03-08 03:27:11.123 ServerApp] 403 GET /api/kernels?1615174031059 (192.168.5.126) 4.01ms referer=http://210.116.109.51:8001/lab/tree/ipynbs/playground.ipynb
[W 2021-03-08 03:27:11.124 ServerApp] Forbidden
[W 2021-03-08 03:27:11.124 ServerApp] 403 GET /api/sessions?1615174031060 (192.168.5.126) 3.59ms referer=http://210.116.109.51:8001/lab/tree/ipynbs/playground.ipynb
[W 2021-03-08 03:27:11.125 ServerApp] Forbidden
[W 2021-03-08 03:27:11.125 ServerApp] 403 GET /api/contents/ipynbs?content=1&1615174031061 (192.168.5.126) 3.22ms referer=http://210.116.109.51:8001/lab/tree/ipynbs/playground.ipynb
[I 2021-03-08 03:27:13.740 LabApp] 302 GET /lab/tree/ipynbs/playground.ipynb (192.168.5.126) 1.39ms
[I 2021-03-08 03:27:17.071 ServerApp] 302 POST /login?next=%2Flab%2Ftree%2Fipynbs%2Fplayground.ipynb (192.168.5.126) 1.77ms
[W 2021-03-08 03:27:19.721 LabApp] Could not determine jupyterlab build status without nodejs
[I 2021-03-08 03:27:21.760 ServerApp] Writing notebook-signing key to /home/minki/.local/share/jupyter/notebook_secret
[W 2021-03-08 03:27:21.761 ServerApp] Notebook ipynbs/playground.ipynb is not trusted
[I 2021-03-08 03:27:22.130 ServerApp] Kernel started: 3054aca1-3c50-4eb7-89f7-8bca338f9daa
[W 2021-03-08 05:00:47.707 ServerApp] Notebook ipynbs/meta_dict.ipynb is not trusted
[I 2021-03-08 05:00:48.141 ServerApp] Kernel started: 5acc93da-0c57-425b-a88d-1036d186ffd8
[I 2021-03-08 05:02:48.028 ServerApp] Saving file at /ipynbs/meta_dict.ipynb
[W 2021-03-08 05:02:48.028 ServerApp] Notebook ipynbs/meta_dict.ipynb is not trusted
[I 2021-03-08 06:06:51.918 ServerApp] Saving file at /ipynbs/playground.ipynb
[W 2021-03-08 06:06:51.919 ServerApp] Notebook ipynbs/playground.ipynb is not trusted
[I 2021-03-08 06:08:52.010 ServerApp] Saving file at /ipynbs/playground.ipynb
[I 2021-03-08 06:10:52.094 ServerApp] Saving file at /ipynbs/playground.ipynb
[I 2021-03-08 06:12:52.187 ServerApp] Saving file at /ipynbs/playground.ipynb
[I 2021-03-08 06:14:52.351 ServerApp] Saving file at /ipynbs/playground.ipynb
[I 2021-03-08 06:16:52.587 ServerApp] Saving file at /ipynbs/playground.ipynb
[I 2021-03-08 06:17:06.267 ServerApp] Saving file at /ipynbs/playground.ipynb
[I 2021-03-08 06:19:06.474 ServerApp] Saving file at /ipynbs/playground.ipynb
[I 2021-03-08 06:21:06.678 ServerApp] Saving file at /ipynbs/playground.ipynb
[I 2021-03-08 06:23:06.869 ServerApp] Saving file at /ipynbs/playground.ipynb
[I 2021-03-08 06:25:07.991 ServerApp] Saving file at /ipynbs/playground.ipynb
[I 2021-03-08 06:31:12.598 ServerApp] Saving file at /ipynbs/playground.ipynb
[I 2021-03-08 06:32:27.056 ServerApp] Saving file at /ipynbs/playground.ipynb
[I 2021-03-08 06:32:58.819 ServerApp] Saving file at /ipynbs/playground.ipynb
[I 2021-03-08 06:34:58.974 ServerApp] Saving file at /ipynbs/playground.ipynb
[I 2021-03-08 06:36:59.157 ServerApp] Saving file at /ipynbs/playground.ipynb
[I 2021-03-08 06:56:56.305 ServerApp] 302 GET / (192.168.5.126) 0.70ms
[I 2021-03-08 07:02:39.114 ServerApp] 302 GET / (192.168.5.126) 1.08ms
[I 2021-03-08 10:21:22.994 ServerApp] 302 GET / (192.168.5.126) 0.95ms
[I 2021-03-08 15:04:44.227 ServerApp] Starting buffering for 5acc93da-0c57-425b-a88d-1036d186ffd8:c41c237c-5d16-4336-9aa1-1ef120415414
[I 2021-03-08 15:04:44.256 ServerApp] Starting buffering for 3054aca1-3c50-4eb7-89f7-8bca338f9daa:cfb0c7e3-53ed-47eb-931d-757cfee3c691
[I 2021-03-08 15:04:44.665 ServerApp] Restoring connection for 5acc93da-0c57-425b-a88d-1036d186ffd8:c41c237c-5d16-4336-9aa1-1ef120415414
[W 2021-03-08 15:06:14.665 ServerApp] WebSocket ping timeout after 90000 ms.
[W 2021-03-08 15:06:14.691 ServerApp] WebSocket ping timeout after 90000 ms.
[W 2021-03-08 15:06:14.716 ServerApp] WebSocket ping timeout after 90000 ms.
[I 2021-03-08 15:06:19.668 ServerApp] Starting buffering for 5acc93da-0c57-425b-a88d-1036d186ffd8:c41c237c-5d16-4336-9aa1-1ef120415414
[I 2021-03-08 15:06:19.717 ServerApp] Starting buffering for 3054aca1-3c50-4eb7-89f7-8bca338f9daa:cfb0c7e3-53ed-47eb-931d-757cfee3c691
[I 2021-03-08 15:42:08.549 ServerApp] Restoring connection for 5acc93da-0c57-425b-a88d-1036d186ffd8:c41c237c-5d16-4336-9aa1-1ef120415414
[W 2021-03-08 15:51:08.552 ServerApp] WebSocket ping timeout after 119889 ms.
[W 2021-03-08 15:51:08.586 ServerApp] WebSocket ping timeout after 119923 ms.
[W 2021-03-08 15:51:08.618 ServerApp] WebSocket ping timeout after 119955 ms.
[I 2021-03-08 15:51:13.554 ServerApp] Starting buffering for 5acc93da-0c57-425b-a88d-1036d186ffd8:c41c237c-5d16-4336-9aa1-1ef120415414
[I 2021-03-08 15:51:13.619 ServerApp] Starting buffering for 3054aca1-3c50-4eb7-89f7-8bca338f9daa:cfb0c7e3-53ed-47eb-931d-757cfee3c691
[I 2021-03-08 16:59:58.486 ServerApp] Restoring connection for 5acc93da-0c57-425b-a88d-1036d186ffd8:c41c237c-5d16-4336-9aa1-1ef120415414
[W 2021-03-08 17:01:28.435 ServerApp] WebSocket ping timeout after 90001 ms.
[W 2021-03-08 17:01:28.461 ServerApp] WebSocket ping timeout after 90000 ms.
[W 2021-03-08 17:01:28.487 ServerApp] WebSocket ping timeout after 90000 ms.
[I 2021-03-08 17:01:33.463 ServerApp] Starting buffering for 3054aca1-3c50-4eb7-89f7-8bca338f9daa:cfb0c7e3-53ed-47eb-931d-757cfee3c691
[I 2021-03-08 17:01:33.488 ServerApp] Starting buffering for 5acc93da-0c57-425b-a88d-1036d186ffd8:c41c237c-5d16-4336-9aa1-1ef120415414
[I 2021-03-08 19:01:58.109 ServerApp] Restoring connection for 3054aca1-3c50-4eb7-89f7-8bca338f9daa:cfb0c7e3-53ed-47eb-931d-757cfee3c691
[I 2021-03-08 19:01:58.167 ServerApp] Restoring connection for 5acc93da-0c57-425b-a88d-1036d186ffd8:c41c237c-5d16-4336-9aa1-1ef120415414
[W 2021-03-08 19:05:58.111 ServerApp] WebSocket ping timeout after 119971 ms.
[W 2021-03-08 19:05:58.134 ServerApp] WebSocket ping timeout after 119994 ms.
[W 2021-03-08 19:05:58.167 ServerApp] WebSocket ping timeout after 119994 ms.
[I 2021-03-08 19:06:03.135 ServerApp] Starting buffering for 3054aca1-3c50-4eb7-89f7-8bca338f9daa:955a6418-9282-454f-8c7b-704be30140f8
[I 2021-03-08 19:06:03.169 ServerApp] Starting buffering for 5acc93da-0c57-425b-a88d-1036d186ffd8:c41c237c-5d16-4336-9aa1-1ef120415414
[I 2021-03-08 21:04:33.710 ServerApp] Restoring connection for 5acc93da-0c57-425b-a88d-1036d186ffd8:c41c237c-5d16-4336-9aa1-1ef120415414
[I 2021-03-08 21:04:33.734 ServerApp] Restoring connection for 3054aca1-3c50-4eb7-89f7-8bca338f9daa:955a6418-9282-454f-8c7b-704be30140f8
[W 2021-03-08 21:13:33.713 ServerApp] WebSocket ping timeout after 119886 ms.
[W 2021-03-08 21:13:33.734 ServerApp] WebSocket ping timeout after 119908 ms.
[W 2021-03-08 21:13:33.928 ServerApp] WebSocket ping timeout after 119994 ms.
[I 2021-03-08 21:13:38.716 ServerApp] Starting buffering for 5acc93da-0c57-425b-a88d-1036d186ffd8:c41c237c-5d16-4336-9aa1-1ef120415414
[I 2021-03-08 21:13:38.931 ServerApp] Starting buffering for 3054aca1-3c50-4eb7-89f7-8bca338f9daa:cfb0c7e3-53ed-47eb-931d-757cfee3c691
[I 2021-03-08 23:46:29.077 ServerApp] Restoring connection for 5acc93da-0c57-425b-a88d-1036d186ffd8:c41c237c-5d16-4336-9aa1-1ef120415414
[I 2021-03-08 23:50:53.742 ServerApp] Starting buffering for 5acc93da-0c57-425b-a88d-1036d186ffd8:c41c237c-5d16-4336-9aa1-1ef120415414
[I 2021-03-08 23:50:53.744 ServerApp] Starting buffering for 3054aca1-3c50-4eb7-89f7-8bca338f9daa:955a6418-9282-454f-8c7b-704be30140f8
[I 2021-03-08 23:50:53.971 ServerApp] Restoring connection for 5acc93da-0c57-425b-a88d-1036d186ffd8:c41c237c-5d16-4336-9aa1-1ef120415414
[W 2021-03-08 23:53:23.945 ServerApp] WebSocket ping timeout after 119994 ms.
[W 2021-03-08 23:53:23.972 ServerApp] WebSocket ping timeout after 119994 ms.
[W 2021-03-08 23:53:24.000 ServerApp] WebSocket ping timeout after 119993 ms.
[I 2021-03-08 23:53:28.974 ServerApp] Starting buffering for 5acc93da-0c57-425b-a88d-1036d186ffd8:c41c237c-5d16-4336-9aa1-1ef120415414
[I 2021-03-08 23:53:29.002 ServerApp] Starting buffering for 3054aca1-3c50-4eb7-89f7-8bca338f9daa:955a6418-9282-454f-8c7b-704be30140f8
[I 2021-03-09 00:31:10.336 ServerApp] Restoring connection for 5acc93da-0c57-425b-a88d-1036d186ffd8:c41c237c-5d16-4336-9aa1-1ef120415414
[I 2021-03-09 00:33:22.295 ServerApp] Starting buffering for 5acc93da-0c57-425b-a88d-1036d186ffd8:c41c237c-5d16-4336-9aa1-1ef120415414
[I 2021-03-09 00:33:22.295 ServerApp] Starting buffering for 3054aca1-3c50-4eb7-89f7-8bca338f9daa:cfb0c7e3-53ed-47eb-931d-757cfee3c691
[I 2021-03-09 00:33:22.414 ServerApp] Restoring connection for 5acc93da-0c57-425b-a88d-1036d186ffd8:c41c237c-5d16-4336-9aa1-1ef120415414
[W 2021-03-09 00:47:52.392 ServerApp] WebSocket ping timeout after 119983 ms.
[W 2021-03-09 00:47:52.414 ServerApp] WebSocket ping timeout after 119994 ms.
[W 2021-03-09 00:47:52.456 ServerApp] WebSocket ping timeout after 119993 ms.
[I 2021-03-09 00:47:57.416 ServerApp] Starting buffering for 5acc93da-0c57-425b-a88d-1036d186ffd8:c41c237c-5d16-4336-9aa1-1ef120415414
[I 2021-03-09 00:47:57.457 ServerApp] Starting buffering for 3054aca1-3c50-4eb7-89f7-8bca338f9daa:cfb0c7e3-53ed-47eb-931d-757cfee3c691
[I 2021-03-09 01:47:04.400 ServerApp] Restoring connection for 5acc93da-0c57-425b-a88d-1036d186ffd8:c41c237c-5d16-4336-9aa1-1ef120415414
[I 2021-03-09 01:49:24.186 ServerApp] Starting buffering for 5acc93da-0c57-425b-a88d-1036d186ffd8:c41c237c-5d16-4336-9aa1-1ef120415414
[I 2021-03-09 01:49:24.187 ServerApp] Starting buffering for 3054aca1-3c50-4eb7-89f7-8bca338f9daa:955a6418-9282-454f-8c7b-704be30140f8
[I 2021-03-09 01:49:24.396 ServerApp] Restoring connection for 5acc93da-0c57-425b-a88d-1036d186ffd8:c41c237c-5d16-4336-9aa1-1ef120415414
[I 2021-03-09 02:14:41.673 ServerApp] Starting buffering for 5acc93da-0c57-425b-a88d-1036d186ffd8:c41c237c-5d16-4336-9aa1-1ef120415414
[I 2021-03-09 02:14:41.673 ServerApp] Starting buffering for 3054aca1-3c50-4eb7-89f7-8bca338f9daa:cfb0c7e3-53ed-47eb-931d-757cfee3c691
[I 2021-03-09 02:14:41.841 ServerApp] Restoring connection for 5acc93da-0c57-425b-a88d-1036d186ffd8:c41c237c-5d16-4336-9aa1-1ef120415414
[W 2021-03-09 02:46:41.817 ServerApp] WebSocket ping timeout after 119939 ms.
[W 2021-03-09 02:46:41.842 ServerApp] WebSocket ping timeout after 119965 ms.
[W 2021-03-09 02:46:41.880 ServerApp] WebSocket ping timeout after 119995 ms.
[I 2021-03-09 02:46:46.844 ServerApp] Starting buffering for 5acc93da-0c57-425b-a88d-1036d186ffd8:c41c237c-5d16-4336-9aa1-1ef120415414
[I 2021-03-09 02:46:46.882 ServerApp] Starting buffering for 3054aca1-3c50-4eb7-89f7-8bca338f9daa:cfb0c7e3-53ed-47eb-931d-757cfee3c691
[I 2021-03-09 03:11:11.771 ServerApp] Restoring connection for 5acc93da-0c57-425b-a88d-1036d186ffd8:c41c237c-5d16-4336-9aa1-1ef120415414
[I 2021-03-09 14:08:23.597 ServerApp] Starting buffering for 5acc93da-0c57-425b-a88d-1036d186ffd8:c41c237c-5d16-4336-9aa1-1ef120415414
[I 2021-03-09 14:08:23.606 ServerApp] Starting buffering for 3054aca1-3c50-4eb7-89f7-8bca338f9daa:955a6418-9282-454f-8c7b-704be30140f8
[I 2021-03-09 14:08:23.858 ServerApp] Restoring connection for 5acc93da-0c57-425b-a88d-1036d186ffd8:c41c237c-5d16-4336-9aa1-1ef120415414
[W 2021-03-09 14:09:53.834 ServerApp] WebSocket ping timeout after 90001 ms.
[W 2021-03-09 14:09:53.859 ServerApp] WebSocket ping timeout after 90000 ms.
[W 2021-03-09 14:09:53.889 ServerApp] WebSocket ping timeout after 90000 ms.
[I 2021-03-09 14:09:58.861 ServerApp] Starting buffering for 5acc93da-0c57-425b-a88d-1036d186ffd8:c41c237c-5d16-4336-9aa1-1ef120415414
[I 2021-03-09 14:09:58.890 ServerApp] Starting buffering for 3054aca1-3c50-4eb7-89f7-8bca338f9daa:955a6418-9282-454f-8c7b-704be30140f8
[I 2021-03-09 14:43:36.218 ServerApp] Restoring connection for 5acc93da-0c57-425b-a88d-1036d186ffd8:c41c237c-5d16-4336-9aa1-1ef120415414
[W 2021-03-09 14:50:36.219 ServerApp] WebSocket ping timeout after 119993 ms.
[W 2021-03-09 14:50:36.252 ServerApp] WebSocket ping timeout after 119994 ms.
[W 2021-03-09 14:50:36.277 ServerApp] WebSocket ping timeout after 119994 ms.
[I 2021-03-09 14:50:41.221 ServerApp] Starting buffering for 5acc93da-0c57-425b-a88d-1036d186ffd8:c41c237c-5d16-4336-9aa1-1ef120415414
[I 2021-03-09 14:50:41.279 ServerApp] Starting buffering for 3054aca1-3c50-4eb7-89f7-8bca338f9daa:955a6418-9282-454f-8c7b-704be30140f8
[I 2021-03-09 15:21:30.296 ServerApp] Restoring connection for 5acc93da-0c57-425b-a88d-1036d186ffd8:c41c237c-5d16-4336-9aa1-1ef120415414
[W 2021-03-09 15:25:00.297 ServerApp] WebSocket ping timeout after 119977 ms.
[W 2021-03-09 15:25:00.323 ServerApp] WebSocket ping timeout after 119995 ms.
[W 2021-03-09 15:25:00.345 ServerApp] WebSocket ping timeout after 119994 ms.
[I 2021-03-09 15:25:05.299 ServerApp] Starting buffering for 5acc93da-0c57-425b-a88d-1036d186ffd8:c41c237c-5d16-4336-9aa1-1ef120415414
[I 2021-03-09 15:25:05.346 ServerApp] Starting buffering for 3054aca1-3c50-4eb7-89f7-8bca338f9daa:955a6418-9282-454f-8c7b-704be30140f8
[I 2021-03-09 17:26:15.145 ServerApp] Restoring connection for 5acc93da-0c57-425b-a88d-1036d186ffd8:c41c237c-5d16-4336-9aa1-1ef120415414
[W 2021-03-09 17:28:45.146 ServerApp] WebSocket ping timeout after 119994 ms.
[W 2021-03-09 17:28:45.170 ServerApp] WebSocket ping timeout after 119993 ms.
[W 2021-03-09 17:28:45.197 ServerApp] WebSocket ping timeout after 119993 ms.
[I 2021-03-09 17:28:50.149 ServerApp] Starting buffering for 5acc93da-0c57-425b-a88d-1036d186ffd8:c41c237c-5d16-4336-9aa1-1ef120415414
[I 2021-03-09 17:28:50.199 ServerApp] Starting buffering for 3054aca1-3c50-4eb7-89f7-8bca338f9daa:955a6418-9282-454f-8c7b-704be30140f8
[I 2021-03-09 19:27:29.074 ServerApp] Restoring connection for 5acc93da-0c57-425b-a88d-1036d186ffd8:c41c237c-5d16-4336-9aa1-1ef120415414
[W 2021-03-09 19:30:29.076 ServerApp] WebSocket ping timeout after 119994 ms.
[W 2021-03-09 19:30:29.100 ServerApp] WebSocket ping timeout after 119994 ms.
[W 2021-03-09 19:30:29.126 ServerApp] WebSocket ping timeout after 119994 ms.
[I 2021-03-09 19:30:34.080 ServerApp] Starting buffering for 5acc93da-0c57-425b-a88d-1036d186ffd8:c41c237c-5d16-4336-9aa1-1ef120415414
[I 2021-03-09 19:30:34.128 ServerApp] Starting buffering for 3054aca1-3c50-4eb7-89f7-8bca338f9daa:955a6418-9282-454f-8c7b-704be30140f8
[I 2021-03-09 21:30:27.446 ServerApp] Restoring connection for 5acc93da-0c57-425b-a88d-1036d186ffd8:c41c237c-5d16-4336-9aa1-1ef120415414
[I 2021-03-09 21:32:14.224 ServerApp] Starting buffering for 3054aca1-3c50-4eb7-89f7-8bca338f9daa:cfb0c7e3-53ed-47eb-931d-757cfee3c691
[I 2021-03-09 21:32:14.225 ServerApp] Starting buffering for 5acc93da-0c57-425b-a88d-1036d186ffd8:c41c237c-5d16-4336-9aa1-1ef120415414
[I 2021-03-09 21:32:14.604 ServerApp] Restoring connection for 5acc93da-0c57-425b-a88d-1036d186ffd8:c41c237c-5d16-4336-9aa1-1ef120415414
[W 2021-03-09 21:44:44.414 ServerApp] WebSocket ping timeout after 119993 ms.
[W 2021-03-09 21:44:44.438 ServerApp] WebSocket ping timeout after 119993 ms.
[W 2021-03-09 21:44:44.605 ServerApp] WebSocket ping timeout after 119994 ms.
[I 2021-03-09 21:44:49.439 ServerApp] Starting buffering for 3054aca1-3c50-4eb7-89f7-8bca338f9daa:cfb0c7e3-53ed-47eb-931d-757cfee3c691
[I 2021-03-09 21:44:49.607 ServerApp] Starting buffering for 5acc93da-0c57-425b-a88d-1036d186ffd8:c41c237c-5d16-4336-9aa1-1ef120415414
[I 2021-03-10 00:18:37.607 ServerApp] Restoring connection for 5acc93da-0c57-425b-a88d-1036d186ffd8:c41c237c-5d16-4336-9aa1-1ef120415414
[I 2021-03-10 00:20:00.991 ServerApp] Starting buffering for 5acc93da-0c57-425b-a88d-1036d186ffd8:c41c237c-5d16-4336-9aa1-1ef120415414
[I 2021-03-10 00:20:00.993 ServerApp] Starting buffering for 3054aca1-3c50-4eb7-89f7-8bca338f9daa:955a6418-9282-454f-8c7b-704be30140f8
[I 2021-03-10 00:20:01.164 ServerApp] Restoring connection for 5acc93da-0c57-425b-a88d-1036d186ffd8:c41c237c-5d16-4336-9aa1-1ef120415414
[W 2021-03-10 00:29:31.165 ServerApp] WebSocket ping timeout after 119994 ms.
[W 2021-03-10 00:29:31.326 ServerApp] WebSocket ping timeout after 119994 ms.
[W 2021-03-10 00:29:31.498 ServerApp] WebSocket ping timeout after 119993 ms.
[I 2021-03-10 00:29:36.167 ServerApp] Starting buffering for 5acc93da-0c57-425b-a88d-1036d186ffd8:c41c237c-5d16-4336-9aa1-1ef120415414
[I 2021-03-10 00:29:36.500 ServerApp] Starting buffering for 3054aca1-3c50-4eb7-89f7-8bca338f9daa:955a6418-9282-454f-8c7b-704be30140f8
[I 2021-03-10 02:02:05.720 ServerApp] Restoring connection for 5acc93da-0c57-425b-a88d-1036d186ffd8:c41c237c-5d16-4336-9aa1-1ef120415414
[I 2021-03-10 02:02:41.625 ServerApp] Starting buffering for 3054aca1-3c50-4eb7-89f7-8bca338f9daa:cfb0c7e3-53ed-47eb-931d-757cfee3c691
[I 2021-03-10 02:02:41.626 ServerApp] Starting buffering for 5acc93da-0c57-425b-a88d-1036d186ffd8:c41c237c-5d16-4336-9aa1-1ef120415414
[I 2021-03-10 02:02:42.182 ServerApp] Restoring connection for 5acc93da-0c57-425b-a88d-1036d186ffd8:c41c237c-5d16-4336-9aa1-1ef120415414
[I 2021-03-10 02:36:10.187 ServerApp] Starting buffering for 5acc93da-0c57-425b-a88d-1036d186ffd8:c41c237c-5d16-4336-9aa1-1ef120415414
[I 2021-03-10 02:36:10.189 ServerApp] Starting buffering for 3054aca1-3c50-4eb7-89f7-8bca338f9daa:955a6418-9282-454f-8c7b-704be30140f8
[I 2021-03-10 02:36:10.293 ServerApp] Restoring connection for 5acc93da-0c57-425b-a88d-1036d186ffd8:c41c237c-5d16-4336-9aa1-1ef120415414
[W 2021-03-10 03:01:40.295 ServerApp] WebSocket ping timeout after 119995 ms.
[W 2021-03-10 03:01:40.327 ServerApp] WebSocket ping timeout after 119996 ms.
[W 2021-03-10 03:01:40.351 ServerApp] WebSocket ping timeout after 119991 ms.
[I 2021-03-10 03:01:45.297 ServerApp] Starting buffering for 5acc93da-0c57-425b-a88d-1036d186ffd8:c41c237c-5d16-4336-9aa1-1ef120415414
[I 2021-03-10 03:01:45.353 ServerApp] Starting buffering for 3054aca1-3c50-4eb7-89f7-8bca338f9daa:955a6418-9282-454f-8c7b-704be30140f8
[I 2021-03-10 04:16:41.592 ServerApp] Restoring connection for 5acc93da-0c57-425b-a88d-1036d186ffd8:c41c237c-5d16-4336-9aa1-1ef120415414
[I 2021-03-10 04:17:02.965 ServerApp] Starting buffering for 3054aca1-3c50-4eb7-89f7-8bca338f9daa:cfb0c7e3-53ed-47eb-931d-757cfee3c691
[I 2021-03-10 04:17:02.966 ServerApp] Starting buffering for 5acc93da-0c57-425b-a88d-1036d186ffd8:c41c237c-5d16-4336-9aa1-1ef120415414
[I 2021-03-10 04:17:03.866 ServerApp] Restoring connection for 5acc93da-0c57-425b-a88d-1036d186ffd8:c41c237c-5d16-4336-9aa1-1ef120415414
[I 2021-03-10 04:18:14.226 ServerApp] Starting buffering for 5acc93da-0c57-425b-a88d-1036d186ffd8:c41c237c-5d16-4336-9aa1-1ef120415414
[I 2021-03-10 04:18:14.228 ServerApp] Starting buffering for 3054aca1-3c50-4eb7-89f7-8bca338f9daa:955a6418-9282-454f-8c7b-704be30140f8
[I 2021-03-10 04:18:14.348 ServerApp] Restoring connection for 5acc93da-0c57-425b-a88d-1036d186ffd8:c41c237c-5d16-4336-9aa1-1ef120415414
